#
# There is insufficient memory for the Java Runtime Environment to continue.
# Native memory allocation (malloc) failed to allocate 1048576 bytes for AllocateHeap
# Possible reasons:
#   The system is out of physical RAM or swap space
#   The process is running with CompressedOops enabled, and the Java Heap may be blocking the growth of the native heap
# Possible solutions:
#   Reduce memory load on the system
#   Increase physical memory or swap space
#   Check if swap backing store is full
#   Decrease Java heap size (-Xmx/-Xms)
#   Decrease number of Java threads
#   Decrease Java thread stack sizes (-Xss)
#   Set larger code cache with -XX:ReservedCodeCacheSize=
#   JVM is running with Zero Based Compressed Oops mode in which the Java heap is
#     placed in the first 32GB address space. The Java Heap base address is the
#     maximum limit for the native heap growth. Please use -XX:HeapBaseMinAddress
#     to set the Java Heap base and to place the Java Heap above 32GB virtual address.
# This output file may be truncated or incomplete.
#
#  Out of Memory Error (memory/allocation.inline.hpp:61), pid=1148, tid=0x00000000000056f8
#
# JRE version:  (8.0_261-b12) (build )
# Java VM: Java HotSpot(TM) 64-Bit Server VM (25.261-b12 mixed mode windows-amd64 compressed oops)
# Failed to write core dump. Minidumps are not enabled by default on client versions of Windows
#

---------------  T H R E A D  ---------------

Current thread (0x000001b99e436800):  JavaThread "Unknown thread" [_thread_in_vm, id=22264, stack(0x0000003cdc500000,0x0000003cdc600000)]

Stack: [0x0000003cdc500000,0x0000003cdc600000]
Native frames: (J=compiled Java code, j=interpreted, Vv=VM code, C=native code)
V  [jvm.dll+0x33e5f9]
V  [jvm.dll+0x2850e2]
V  [jvm.dll+0x285d8d]
V  [jvm.dll+0x27c895]
V  [jvm.dll+0x1565d]
V  [jvm.dll+0x3d9117]
V  [jvm.dll+0x3d5557]
V  [jvm.dll+0x10c61f]
V  [jvm.dll+0x21a00b]
V  [jvm.dll+0x248687]
V  [jvm.dll+0x172116]
C  [javaw.exe+0x2322]
C  [javaw.exe+0x16564]
C  [KERNEL32.DLL+0x17c24]
C  [ntdll.dll+0x6d721]


---------------  P R O C E S S  ---------------

Java Threads: ( => current thread )

Other Threads:

=>0x000001b99e436800 (exited) JavaThread "Unknown thread" [_thread_in_vm, id=22264, stack(0x0000003cdc500000,0x0000003cdc600000)]

VM state:not at safepoint (normal execution)

VM Mutex/Monitor currently owned by a thread: None

heap address: 0x00000006c2200000, size: 4062 MB, Compressed Oops mode: Zero based, Oop shift amount: 3
Narrow klass base: 0x0000000000000000, Narrow klass shift: 3
Compressed class space size: 1073741824 Address: 0x00000007c0000000

Heap:
 PSYoungGen      total 75776K, used 1300K [0x000000076b600000, 0x0000000770a80000, 0x00000007c0000000)
  eden space 65024K, 2% used [0x000000076b600000,0x000000076b7451f8,0x000000076f580000)
  from space 10752K, 0% used [0x0000000770000000,0x0000000770000000,0x0000000770a80000)
  to   space 10752K, 0% used [0x000000076f580000,0x000000076f580000,0x0000000770000000)
 ParOldGen       total 173568K, used 0K [0x00000006c2200000, 0x00000006ccb80000, 0x000000076b600000)
  object space 173568K, 0% used [0x00000006c2200000,0x00000006c2200000,0x00000006ccb80000)
 Metaspace       used 752K, capacity 4480K, committed 4480K, reserved 1056768K
  class space    used 76K, capacity 384K, committed 384K, reserved 1048576K

Card table byte_map: [0x000001b9af1f0000,0x000001b9af9e0000] byte_map_base: 0x000001b9abbdf000

Marking Bits: (ParMarkBitMap*) 0x0000000067824fb0
 Begin Bits: [0x000001b9aff30000, 0x000001b9b3ea8000)
 End Bits:   [0x000001b9b3ea8000, 0x000001b9b7e20000)

Polling page: 0x000001b99e5f0000

CodeCache: size=245760Kb used=328Kb max_used=328Kb free=245431Kb
 bounds [0x000001b99fe30000, 0x000001b9a00a0000, 0x000001b9aee30000]
 total_blobs=58 nmethods=0 adapters=38
 compilation: enabled

Compilation events (0 events):
No events

GC Heap History (0 events):
No events

Deoptimization events (0 events):
No events

Classes redefined (0 events):
No events

Internal exceptions (0 events):
No events

Events (10 events):
Event: 0.028 loading class java/lang/Short
Event: 0.028 loading class java/lang/Short done
Event: 0.028 loading class java/lang/Integer
Event: 0.028 loading class java/lang/Integer done
Event: 0.028 loading class java/lang/Long
Event: 0.028 loading class java/lang/Long done
Event: 0.029 loading class java/lang/NullPointerException
Event: 0.029 loading class java/lang/NullPointerException done
Event: 0.029 loading class java/lang/ArithmeticException
Event: 0.029 loading class java/lang/ArithmeticException done


Dynamic libraries:
0x00007ff691a30000 - 0x00007ff691a77000 	C:\Program Files\Java\jre1.8.0_261\bin\javaw.exe
0x00007ffee9a60000 - 0x00007ffee9c50000 	C:\WINDOWS\SYSTEM32\ntdll.dll
0x00007ffee8f20000 - 0x00007ffee8fd2000 	C:\WINDOWS\System32\KERNEL32.DLL
0x00007ffee7660000 - 0x00007ffee7906000 	C:\WINDOWS\System32\KERNELBASE.dll
0x00007ffee8380000 - 0x00007ffee8423000 	C:\WINDOWS\System32\ADVAPI32.dll
0x00007ffee9750000 - 0x00007ffee97ee000 	C:\WINDOWS\System32\msvcrt.dll
0x00007ffee8ce0000 - 0x00007ffee8d77000 	C:\WINDOWS\System32\sechost.dll
0x00007ffee8930000 - 0x00007ffee8a4f000 	C:\WINDOWS\System32\RPCRT4.dll
0x00007ffee9820000 - 0x00007ffee99b4000 	C:\WINDOWS\System32\USER32.dll
0x00007ffee6da0000 - 0x00007ffee6dc1000 	C:\WINDOWS\System32\win32u.dll
0x00007ffee97f0000 - 0x00007ffee9816000 	C:\WINDOWS\System32\GDI32.dll
0x00007ffee6b70000 - 0x00007ffee6d08000 	C:\WINDOWS\System32\gdi32full.dll
0x00007ffee7a60000 - 0x00007ffee7afe000 	C:\WINDOWS\System32\msvcp_win.dll
0x00007ffee7930000 - 0x00007ffee7a2a000 	C:\WINDOWS\System32\ucrtbase.dll
0x00007ffed7d70000 - 0x00007ffed7ff4000 	C:\WINDOWS\WinSxS\amd64_microsoft.windows.common-controls_6595b64144ccf1df_6.0.18362.1734_none_9e7c63e3e45fdc87\COMCTL32.dll
0x00007ffee8440000 - 0x00007ffee8776000 	C:\WINDOWS\System32\combase.dll
0x00007ffee6d10000 - 0x00007ffee6d94000 	C:\WINDOWS\System32\bcryptPrimitives.dll
0x00007ffee7b00000 - 0x00007ffee7b2e000 	C:\WINDOWS\System32\IMM32.DLL
0x00007ffedef80000 - 0x00007ffedef95000 	C:\Program Files\Java\jre1.8.0_261\bin\vcruntime140.dll
0x00007ffe881b0000 - 0x00007ffe8824b000 	C:\Program Files\Java\jre1.8.0_261\bin\msvcp140.dll
0x0000000067030000 - 0x000000006789c000 	C:\Program Files\Java\jre1.8.0_261\bin\server\jvm.dll
0x00007ffee8c20000 - 0x00007ffee8c28000 	C:\WINDOWS\System32\PSAPI.DLL
0x00007ffede000000 - 0x00007ffede024000 	C:\WINDOWS\SYSTEM32\WINMM.dll
0x00007ffede9d0000 - 0x00007ffede9da000 	C:\WINDOWS\SYSTEM32\VERSION.dll
0x00007ffedb1c0000 - 0x00007ffedb1c9000 	C:\WINDOWS\SYSTEM32\WSOCK32.dll
0x00007ffee9260000 - 0x00007ffee92cf000 	C:\WINDOWS\System32\WS2_32.dll
0x00007ffeddf00000 - 0x00007ffeddf2d000 	C:\WINDOWS\SYSTEM32\winmmbase.dll
0x00007ffee6b20000 - 0x00007ffee6b6a000 	C:\WINDOWS\System32\cfgmgr32.dll
0x00007ffee6960000 - 0x00007ffee6971000 	C:\WINDOWS\System32\kernel.appcore.dll
0x00007ffedba40000 - 0x00007ffedba50000 	C:\Program Files\Java\jre1.8.0_261\bin\verify.dll
0x00007ffeb7660000 - 0x00007ffeb768b000 	C:\Program Files\Java\jre1.8.0_261\bin\java.dll
0x00007ffed96f0000 - 0x00007ffed9708000 	C:\Program Files\Java\jre1.8.0_261\bin\zip.dll
0x00007ffee51c0000 - 0x00007ffee53b4000 	C:\WINDOWS\SYSTEM32\dbghelp.dll

VM Arguments:
jvm_args: -Dfile.encoding=Cp1252 
java_command: assignmentManagementApplication.AppDriver
java_class_path (initial): C:\Users\826847\eclipse-workspace\cprg311\Assignment_1\bin
Launcher Type: SUN_STANDARD

Environment Variables:
PATH=C:/Program Files/Java/jre1.8.0_261/bin/server;C:/Program Files/Java/jre1.8.0_261/bin;C:/Program Files/Java/jre1.8.0_261/lib/amd64;C:\Python39\Scripts\;C:\Python39\;C:\Program Files (x86)\Common Files\Oracle\Java\javapath;C:\app\826847\product\18.0.0\dbhomeXE\bin;C:\WINDOWS\system32;C:\WINDOWS;C:\WINDOWS\System32\Wbem;C:\WINDOWS\System32\WindowsPowerShell\v1.0\;C:\WINDOWS\System32\OpenSSH\;C:\Program Files\PuTTY\;C:\Program Files\Intel\WiFi\bin\;C:\Program Files\Common Files\Intel\WirelessCommon\;C:\Program Files (x86)\Intel\Intel(R) Management Engine Components\DAL;C:\Program Files\Intel\Intel(R) Management Engine Components\DAL;C:\Users\826847\AppData\Local\Microsoft\WindowsApps;C:\Users\826847\AppData\Local\atom\bin;C:\adb;C:\Program Files\dotnet\;C:\ProgramData\chocolatey\bin;C:\Program Files\nodejs\;C:\Program Files\MySQL\MySQL Shell 8.0\bin\;C:\Users\826847\AppData\Local\Microsoft\WindowsApps;C:\Users\826847\AppData\Local\atom\bin;C:\Users\826847\.dotnet\tools;C:\Users\826847\AppData\Roaming\npm;C:\Users\826847\AppData\Local\Programs\Microsoft VS Code\bin;C:\Users\826847\Downloads\eclipse-java-2019-12-R-win32-x86_64\eclipse;
USERNAME=826847
OS=Windows_NT
PROCESSOR_IDENTIFIER=Intel64 Family 6 Model 142 Stepping 10, GenuineIntel



---------------  S Y S T E M  ---------------

OS: Windows 10.0 , 64 bit Build 18362 (10.0.18362.1714)

CPU:total 8 (initial active 8) (4 cores per cpu, 2 threads per core) family 6 model 142 stepping 10, cmov, cx8, fxsr, mmx, sse, sse2, sse3, ssse3, sse4.1, sse4.2, popcnt, avx, avx2, aes, clmul, erms, rtm, 3dnowpref, lzcnt, ht, tsc, tscinvbit, bmi1, bmi2, adx

Memory: 4k page, physical 16633184k(4450372k free), swap 16633184k(4400k free)

vm_info: Java HotSpot(TM) 64-Bit Server VM (25.261-b12) for windows-amd64 JRE (1.8.0_261-b12), built on Jun 18 2020 06:56:32 by "" with unknown MS VC++:1916

time: Wed Sep 22 10:31:25 2021
timezone: Mountain Daylight Time
elapsed time: 0 seconds (0d 0h 0m 0s)

